# plotting_data1.dat
# X	Y1	Y2
  0	0	1218
  1	0	1218
  2	0	1218
  3	0	1218
  4	0	1218
  5	0	1218
  6	0	1218
  7	0	1218
  8	0	1218
  9	0	1218
  10	0	1218
  11	0	1218
  12	0	1218
  13	0	1218
  14	0	1218
  15	0	1218
  16	0	1218
  17	0	1218
  18	0	1218
  19	0	1218
  20	0	1218
  21	0	1218
  22	0	1218
  23	0	1218
  24	0	1218
  25	0	1218
  26	0	1218
  27	0	1218
  28	0	1218
  29	0	1218
  30	0	1218
  31	0	1218
  32	0	1218
  33	0	1218
  34	0	1218
  35	0	1218
  36	0	1218
  37	0	1218
  38	0	1218
  39	0	1218
  40	0	1218
  41	0	1218
  42	0	1218
  43	0	1218
  44	0	1218
  45	0	1218
  46	0	1218
  47	0	1218
  48	0	1218
  49	0	1218
  50	0	1218
  51	0	1218
  52	0	1218
  53	0	1218
  54	0	1218
  55	0	1218
  56	0	1218
  57	0	1218
  58	0	1218
  59	0	1218
  60	0	1218
  61	0	1218
  62	0	1218
  63	0	1218
  64	0	1218
  65	0	1218
  66	0	1218
  67	0	1218
  68	0	1218
  69	0	1218
  70	0	1218
  71	0	1218
  72	0	1218
  73	0	1218
  74	0	1218
  75	0	1218
  76	0	1218
  77	0	1218
  78	0	1218
  79	0	1218
  80	0	1218
  81	0	1218
  82	0	1218
  83	0	1218
  84	0	1218
  85	0	1218
  86	0	1218
  87	0	1218
  88	0	1218
  89	0	1218
  90	0	1218
  91	0	1218
  92	0	1218
  93	0	1218
  94	0	1218
  95	0	1218
  96	0	1218
  97	0	1218
  98	0	1218
  99	0	1218
  100	0	1218
  101	0	1218
  102	0	1218
  103	0	1218
  104	0	1218
  105	0	1218
  106	0	1218
  107	0	1218
  108	0	1218
  109	0	1218
  110	0	1218
  111	0	1218
  112	0	1218
  113	0	1218
  114	0	1218
  115	0	1218
  116	0	1218
  117	0	1218
  118	0	1218
  119	0	1218
  120	0	1218
  121	0	1218
  122	0	1218
  123	0	1218
  124	0	1218
  125	0	1218
  126	0	1218
  127	0	1218
  128	0	1218
  129	0	1218
  130	0	1218
  131	0	1218
  132	0	1218
  133	0	1218
  134	0	1218
  135	0	1218
  136	0	1218
  137	0	1218
  138	0	1218
  139	0	1218
  140	0	1218
  141	0	1218
  142	0	1218
  143	0	1218
  144	0	1218
  145	0	1218
  146	0	1218
  147	0	1218
  148	0	1218
  149	0	1218
  150	0	1218
  151	0	1218
  152	0	1218
  153	0	1218
  154	0	1218
  155	0	1218
  156	0	1218
  157	0	1218
  158	0	1218
  159	0	1218
  160	0	1218
  161	0	1218
  162	0	1218
  163	0	1218
  164	0	1218
  165	0	1218
  166	0	1218
  167	0	1218
  168	0	1218
  169	0	1218
  170	0	1218
  171	0	1218
  172	0	1218
  173	0	1218
  174	0	1218
  175	0	1218
  176	0	1218
  177	0	1218
  178	0	1218
  179	0	1218
  180	0	1218
  181	0	1218
  182	0	1218
  183	0	1218
  184	0	1218
  185	0	1218
  186	0	1218
  187	0	1218
  188	0	1218
  189	0	1218
  190	0	1218
  191	0	1218
  192	0	1218
  193	0	1218
  194	0	1218
  195	0	1218
  196	0	1218
  197	0	1218
  198	0	1218
  199	0	1218
  200	0	1218
  201	0	1218
  202	0	1218
  203	0	1218
  204	0	1218
  205	0	1218
  206	0	1218
  207	0	1218
  208	0	1218
  209	0	1218
  210	0	1218
  211	0	1218
  212	0	1218
  213	0	1218
  214	0	1218
  215	0	1218
  216	0	1218
  217	0	1218
  218	0	1218
  219	0	1218
  220	0	1218
  221	0	1218
  222	0	1218
  223	0	1218
  224	0	1218
  225	0	1218
  226	0	1218
  227	0	1218
  228	0	1218
  229	0	1218
  230	0	1218
  231	0	1218
  232	0	1218
  233	0	1218
  234	0	1218
  235	0	1218
  236	0	1218
  237	0	1218
  238	0	1218
  239	0	1218
  240	0	1218
  241	0	1218
  242	0	1218
  243	0	1218
  244	0	1218
  245	0	1218
  246	0	1218
  247	0	1218
  248	0	1218
  249	0	1218
  250	0	1218
  251	0	1218
  252	0	1218
  253	0	1218
  254	0	1218
  255	0	1218
  256	0	1218
  257	0	1218
  258	0	1218
  259	0	1218
  260	0	1218
  261	0	1218
  262	0	1218
  263	0	1218
  264	0	1218
  265	0	1218
  266	0	1218
  267	0	1218
  268	0	1218
  269	0	1218
  270	0	1218
  271	0	1218
  272	0	1218
  273	0	1218
  274	0	1218
  275	0	1218
  276	0	1218
  277	0	1218
  278	0	1218
  279	0	1218
  280	0	1218
  281	0	1218
  282	0	1218
  283	0	1218
  284	0	1218
  285	0	1218
  286	0	1218
  287	0	1218
  288	0	1218
  289	0	1218
  290	0	1218
  291	0	1218
  292	0	1218
  293	0	1218
  294	0	1218
  295	0	1218
  296	0	1218
  297	0	1218
  298	0	1218
  299	0	1218
  300	0	1218
  301	0	1218
  302	0	1218
  303	0	1218
  304	0	1218
  305	0	1218
  306	0	1218
  307	0	1218
  308	0	1218
  309	0	1218
  310	0	1218
  311	0	1218
  312	0	1218
  313	0	1218
  314	0	1218
  315	0	1218
  316	0	1218
  317	0	1218
  318	0	1218
  319	0	1218
  320	0	1218
  321	0	1218
  322	0	1218
  323	0	1218
  324	0	1218
  325	0	1218
  326	0	1218
  327	0	1218
  328	0	1218
  329	0	1218
  330	0	1218
  331	0	1218
  332	0	1218
  333	0	1218
  334	0	1218
  335	0	1218
  336	0	1218
  337	0	1218
  338	0	1218
  339	0	1218
  340	0	1218
  341	0	1218
  342	0	1218
  343	0	1218
  344	0	1218
  345	0	1218
  346	0	1218
  347	0	1218
  348	0	1218
  349	0	1218
  350	0	1218
  351	0	1218
  352	0	1218
  353	0	1218
  354	0	1218
  355	0	1218
  356	0	1218
  357	0	1218
  358	0	1218
  359	0	1218
  360	0	1218
  361	0	1218
  362	0	1218
  363	0	1218
  364	0	1218
  365	0	1218
  366	0	1218
  367	0	1218
  368	0	1218
  369	0	1218
  370	0	1218
  371	0	1218
  372	0	1218
  373	0	1218
  374	0	1218
  375	0	1218
  376	0	1218
  377	0	1218
  378	0	1218
  379	0	1218
  380	0	1218
  381	0	1218
  382	0	1218
  383	0	1218
  384	0	1218
  385	0	1218
  386	0	1218
  387	0	1218
  388	0	1218
  389	0	1218
  390	0	1218
  391	0	1218
  392	0	1218
  393	0	1218
  394	0	1218
  395	0	1218
  396	0	1218
  397	0	1218
  398	0	1218
  399	0	1218
  400	0	1218
  401	0	1218
  402	0	1218
  403	0	1218
  404	0	1218
  405	0	1218
  406	0	1218
  407	0	1218
  408	0	1218
  409	0	1218
  410	0	1218
  411	0	1218
  412	0	1218
  413	0	1218
  414	0	1218
  415	0	1218
  416	0	1218
  417	0	1218
  418	0	1218
  419	0	1218
  420	0	1218
  421	0	1218
  422	0	1218
  423	0	1218
  424	0	1218
  425	0	1218
  426	0	1218
  427	0	1218
  428	0	1218
  429	0	1218
  430	0	1218
  431	0	1218
  432	0	1218
  433	0	1218
  434	0	1218
  435	0	1218
  436	0	1218
  437	0	1218
  438	0	1218
  439	0	1218
  440	0	1218
  441	0	1218
  442	0	1218
  443	0	1218
  444	0	1218
  445	0	1218
  446	0	1218
  447	0	1218
  448	0	1218
  449	0	1218
  450	0	1218
  451	0	1218
  452	0	1218
  453	0	1218
  454	0	1218
  455	0	1218
  456	0	1218
  457	0	1218
  458	0	1218
  459	0	1218
  460	0	1218
  461	0	1218
  462	0	1218
  463	0	1218
  464	0	1218
  465	0	1218
  466	0	1218
  467	0	1218
  468	0	1218
  469	0	1218
  470	0	1218
  471	0	1218
  472	0	1218
  473	0	1218
  474	0	1218
  475	0	1218
  476	0	1218
  477	0	1218
  478	0	1218
  479	0	1218
  480	0	1218
  481	0	1218
  482	0	1218
  483	0	1218
  484	0	1218
  485	0	1218
  486	0	1218
  487	0	1218
  488	0	1218
  489	0	1218
  490	0	1218
  491	0	1218
  492	0	1218
  493	0	1218
  494	0	1218
  495	0	1218
  496	0	1218
  497	0	1218
  498	0	1218
  499	0	1218
  500	0	1218
  501	0	1218
  502	0	1218
  503	0	1218
  504	0	1218
  505	0	1218
  506	0	1218
  507	0	1218
  508	0	1218
  509	0	1218
  510	0	1218
  511	0	1218
  512	0	1218
  513	0	1218
  514	0	1218
  515	0	1218
  516	0	1218
  517	0	1218
  518	0	1218
  519	0	1218
  520	0	1218
  521	0	1218
  522	0	1218
  523	0	1218
  524	0	1218
  525	0	1218
  526	0	1218
  527	0	1218
  528	0	1218
  529	0	1218
  530	0	1218
  531	0	1218
  532	0	1218
  533	0	1218
  534	0	1218
  535	0	1218
  536	0	1218
  537	0	1218
  538	0	1218
  539	0	1218
  540	0	1218
  541	0	1218
  542	0	1218
  543	0	1218
  544	0	1218
  545	0	1218
  546	0	1218
  547	0	1218
  548	0	1218
  549	0	1218
  550	0	1218
  551	0	1218
  552	0	1218
  553	0	1218
  554	0	1218
  555	0	1218
  556	0	1218
  557	0	1218
  558	0	1218
  559	0	1218
  560	0	1218
  561	0	1218
  562	0	1218
  563	0	1218
  564	0	1218
  565	0	1218
  566	0	1218
  567	0	1218
  568	0	1218
  569	0	1218
  570	0	1218
  571	0	1218
  572	0	1218
  573	0	1218
  574	0	1218
  575	0	1218
  576	0	1218
  577	0	1218
  578	0	1218
  579	0	1218
  580	0	1218
  581	0	1218
  582	0	1218
  583	0	1218
  584	0	1218
  585	0	1218
  586	0	1218
  587	0	1218
  588	0	1218
  589	0	1218
  590	0	1218
  591	0	1218
  592	0	1218
  593	0	1218
  594	0	1218
  595	0	1218
  596	0	1218
  597	0	1218
  598	0	1218
  599	0	1218
  600	0	1218
  601	0	1218
  602	0	1218
  603	0	1218
  604	0	1218
  605	0	1218
  606	0	1218
  607	0	1218
  608	0	1218
  609	0	1218
  610	0	1218
  611	0	1218
  612	0	1218
  613	0	1218
  614	0	1218
  615	0	1218
  616	0	1218
  617	0	1218
  618	0	1218
  619	0	1218
  620	0	1218
  621	0	1218
  622	0	1218
  623	0	1218
  624	0	1218
  625	0	1218
  626	0	1218
  627	0	1218
  628	0	1218
  629	0	1218
  630	0	1218
  631	0	1218
  632	0	1218
  633	0	1218
  634	0	1218
  635	0	1218
  636	0	1218
  637	0	1218
  638	0	1218
  639	0	1218
  640	0	1218
  641	0	1218
  642	0	1218
  643	0	1218
  644	0	1218
  645	0	1218
  646	0	1218
  647	0	1218
  648	0	1218
  649	0	1218
  650	0	1218
  651	0	1218
  652	0	1218
  653	0	1218
  654	0	1218
  655	0	1218
  656	0	1218
  657	0	1218
  658	0	1218
  659	0	1218
  660	0	1218
  661	0	1218
  662	0	1218
  663	0	1218
  664	0	1218
  665	0	1218
  666	0	1218
  667	0	1218
  668	0	1218
  669	0	1218
  670	0	1218
  671	0	1218
  672	0	1218
  673	0	1218
  674	0	1218
  675	0	1218
  676	0	1218
  677	0	1218
  678	0	1218
  679	0	1218
  680	0	1218
  681	0	1218
  682	0	1218
  683	0	1218
  684	0	1218
  685	0	1218
  686	0	1218
  687	0	1218
  688	0	1218
  689	0	1218
  690	0	1218
  691	0	1218
  692	0	1218
  693	0	1218
  694	0	1218
  695	0	1218
  696	0	1218
  697	0	1218
  698	0	1218
  699	0	1218
  700	0	1218
  701	0	1218
  702	0	1218
  703	0	1218
  704	0	1218
  705	0	1218
  706	0	1218
  707	0	1218
  708	0	1218
  709	0	1218
  710	0	1218
  711	0	1218
  712	0	1218
  713	0	1218
  714	0	1218
  715	0	1218
  716	0	1218
  717	0	1218
  718	0	1218
  719	0	1218
  720	0	1218
  721	0	1218
  722	0	1218
  723	0	1218
  724	0	1218
  725	0	1218
  726	0	1218
  727	0	1218
  728	0	1218
  729	0	1218
  730	0	1218
  731	0	1218
  732	0	1218
  733	0	1218
  734	0	1218
  735	0	1218
  736	0	1218
  737	0	1218
  738	0	1218
  739	0	1218
  740	0	1218
  741	0	1218
  742	0	1218
  743	0	1218
  744	0	1218
  745	0	1218
  746	0	1218
  747	0	1218
  748	0	1218
  749	0	1218
  750	0	1218
  751	0	1218
  752	0	1218
  753	0	1218
  754	0	1218
  755	0	1218
  756	0	1218
  757	0	1218
  758	0	1218
  759	0	1218
  760	0	1218
  761	0	1218
  762	0	1218
  763	0	1218
  764	0	1218
  765	0	1218
  766	0	1218
  767	0	1218
  768	0	1218
  769	0	1218
  770	0	1218
  771	0	1218
  772	0	1218
  773	0	1218
  774	0	1218
  775	0	1218
  776	0	1218
  777	0	1218
  778	0	1218
  779	0	1218
  780	0	1218
  781	0	1218
  782	0	1218
  783	0	1218
  784	0	1218
  785	0	1218
  786	0	1218
  787	0	1218
  788	0	1218
  789	0	1218
  790	0	1218
  791	0	1218
  792	0	1218
  793	0	1218
  794	0	1218
  795	0	1218
  796	0	1218
  797	0	1218
  798	0	1218
  799	0	1218
  800	0	1218
  801	0	1218
  802	0	1218
  803	0	1218
  804	0	1218
  805	0	1218
  806	0	1218
  807	0	1218
  808	0	1218
  809	0	1218
  810	0	1218
  811	0	1218
  812	0	1218
  813	0	1218
  814	0	1218
  815	0	1218
  816	0	1218
  817	0	1218
  818	0	1218
  819	0	1218
  820	0	1218
  821	0	1218
  822	0	1218
  823	0	1218
  824	0	1218
  825	0	1218
  826	0	1218
  827	0	1218
  828	0	1218
  829	0	1218
  830	0	1218
  831	0	1218
  832	0	1218
  833	0	1218
  834	0	1218
  835	0	1218
  836	0	1218
  837	0	1218
  838	0	1218
  839	0	1218
  840	0	1218
  841	0	1218
  842	0	1218
  843	0	1218
  844	0	1218
  845	0	1218
  846	0	1218
  847	0	1218
  848	0	1218
  849	0	1218
  850	0	1218
  851	0	1218
  852	0	1218
  853	0	1218
  854	0	1218
  855	0	1218
  856	0	1218
  857	0	1218
  858	0	1218
  859	0	1218
  860	0	1218
  861	0	1218
  862	0	1218
  863	0	1218
  864	0	1218
  865	0	1218
  866	0	1218
  867	0	1218
  868	0	1218
  869	0	1218
  870	0	1218
  871	0	1218
  872	0	1218
  873	0	1218
  874	0	1218
  875	0	1218
  876	0	1218
  877	0	1218
  878	0	1218
  879	0	1218
  880	0	1218
  881	0	1218
  882	0	1218
  883	0	1218
  884	0	1218
  885	0	1218
  886	0	1218
  887	0	1218
  888	0	1218
  889	0	1218
  890	0	1218
  891	0	1218
  892	0	1218
  893	0	1218
  894	0	1218
  895	0	1218
  896	0	1218
  897	0	1218
  898	0	1218
  899	0	1218
  900	0	1218
  901	0	1218
  902	0	1218
  903	0	1218
  904	0	1218
  905	0	1218
  906	0	1218
  907	0	1218
  908	0	1218
  909	0	1218
  910	0	1218
  911	0	1218
  912	0	1218
  913	0	1218
  914	0	1218
  915	0	1218
  916	0	1218
  917	0	1218
  918	0	1218
  919	0	1218
  920	0	1218
  921	0	1218
  922	0	1218
  923	0	1218
  924	0	1218
  925	0	1218
  926	0	1218
  927	0	1218
  928	0	1218
  929	0	1218
  930	0	1218
  931	0	1218
  932	0	1218
  933	0	1218
  934	0	1218
  935	0	1218
  936	0	1218
  937	0	1218
  938	0	1218
  939	0	1218
  940	0	1218
  941	0	1218
  942	0	1218
  943	0	1218
  944	0	1218
  945	0	1218
  946	0	1218
  947	0	1218
  948	0	1218
  949	0	1218
  950	0	1218
  951	0	1218
  952	0	1218
  953	0	1218
  954	0	1218
  955	0	1218
  956	0	1218
  957	0	1218
  958	0	1218
  959	0	1218
  960	0	1218
  961	0	1218
  962	0	1218
  963	0	1218
  964	0	1218
  965	0	1218
  966	0	1218
  967	0	1218
  968	0	1218
  969	0	1218
  970	0	1218
  971	0	1218
  972	0	1218
  973	0	1218
  974	0	1218
  975	0	1218
  976	0	1218
  977	0	1218
  978	0	1218
  979	0	1218
  980	0	1218
  981	0	1218
  982	0	1218
  983	0	1218
  984	0	1218
  985	0	1218
  986	0	1218
  987	0	1218
  988	0	1218
  989	0	1218
  990	0	1218
  991	0	1218
  992	0	1218
  993	0	1218
  994	0	1218
  995	0	1218
  996	0	1218
  997	0	1218
  998	0	1218
  999	0	1218
  1000	0	1218
  1001	0	1218
  1002	0	1218
  1003	0	1218
  1004	0	1218
  1005	0	1218
  1006	0	1218
  1007	0	1218
  1008	0	1218
  1009	0	1218
  1010	0	1218
  1011	0	1218
  1012	0	1218
  1013	0	1218
  1014	0	1218
  1015	0	1218
  1016	0	1218
  1017	0	1218
  1018	0	1218
  1019	0	1218
  1020	0	1218
  1021	0	1218
  1022	0	1218
  1023	0	1218
  1024	0	1218
  1025	0	1218
  1026	0	1218
  1027	0	1218
  1028	0	1218
  1029	0	1218
  1030	0	1218
  1031	0	1218
  1032	0	1218
  1033	0	1218
  1034	0	1218
  1035	0	1218
  1036	0	1218
  1037	0	1218
  1038	0	1218
  1039	0	1218
  1040	0	1218
  1041	0	1218
  1042	0	1218
  1043	0	1218
  1044	0	1218
  1045	0	1218
  1046	0	1218
  1047	0	1218
  1048	0	1218
  1049	0	1218
  1050	0	1218
  1051	0	1218
  1052	0	1218
  1053	0	1218
  1054	0	1218
  1055	0	1218
  1056	0	1218
  1057	0	1218
  1058	0	1218
  1059	0	1218
  1060	0	1218
  1061	0	1218
  1062	0	1218
  1063	0	1218
  1064	0	1218
  1065	0	1218
  1066	0	1218
  1067	0	1218
  1068	0	1218
  1069	0	1218
  1070	0	1218
  1071	0	1218
  1072	0	1218
  1073	0	1218
  1074	0	1218
  1075	0	1218
  1076	0	1218
  1077	0	1218
  1078	0	1218
  1079	0	1218
  1080	0	1218
  1081	0	1218
  1082	0	1218
  1083	0	1218
  1084	0	1218
  1085	0	1218
  1086	0	1218
  1087	0	1218
  1088	0	1218
  1089	0	1218
  1090	0	1218
  1091	0	1218
  1092	0	1218
  1093	0	1218
  1094	0	1218
  1095	0	1218
  1096	0	1218
  1097	0	1218
  1098	0	1218
  1099	0	1218
  1100	0	1218
  1101	0	1218
  1102	0	1218
  1103	0	1218
  1104	0	1218
  1105	0	1218
  1106	0	1218
  1107	0	1218
  1108	0	1218
  1109	0	1218
  1110	0	1218
  1111	0	1218
  1112	0	1218
  1113	0	1218
  1114	0	1218
  1115	0	1218
  1116	0	1218
  1117	0	1218
  1118	0	1218
  1119	0	1218
  1120	0	1218
  1121	0	1218
  1122	0	1218
  1123	0	1218
  1124	0	1218
  1125	0	1218
  1126	0	1218
  1127	0	1218
  1128	0	1218
  1129	0	1218
  1130	0	1218
  1131	0	1218
  1132	0	1218
  1133	0	1218
  1134	0	1218
  1135	0	1218
  1136	0	1218
  1137	0	1218
  1138	0	1218
  1139	0	1218
  1140	0	1218
  1141	0	1218
  1142	0	1218
  1143	0	1218
  1144	0	1218
  1145	0	1218
  1146	0	1218
  1147	0	1218
  1148	0	1218
  1149	0	1218
  1150	0	1218
  1151	0	1218
  1152	0	1218
  1153	0	1218
  1154	0	1218
  1155	0	1218
  1156	0	1218
  1157	0	1218
  1158	0	1218
  1159	0	1218
  1160	0	1218
  1161	0	1218
  1162	0	1218
  1163	0	1218
  1164	0	1218
  1165	0	1218
  1166	0	1218
  1167	0	1218
  1168	0	1218
  1169	0	1218
  1170	0	1218
  1171	0	1218
  1172	0	1218
  1173	0	1218
  1174	0	1218
  1175	0	1218
  1176	0	1218
  1177	0	1218
  1178	0	1218
  1179	0	1218
  1180	0	1218
  1181	0	1218
  1182	0	1218
  1183	0	1218
  1184	0	1218
  1185	0	1218
  1186	0	1218
  1187	0	1218
  1188	0	1218
  1189	0	1218
  1190	0	1218
  1191	0	1218
  1192	0	1218
  1193	0	1218
  1194	0	1218
  1195	0	1218
  1196	0	1218
  1197	0	1218
  1198	0	1218
  1199	0	1218
  1200	0	1218
  1201	0	1218
  1202	0	1218
  1203	0	1218
  1204	0	1218
  1205	0	1218
  1206	0	1218
  1207	0	1218
  1208	0	1218
  1209	0	1218
  1210	0	1218
  1211	0	1218
  1212	0	1218
  1213	0	1218
  1214	0	1218
  1215	0	1218
  1216	0	1218
  1217	0	1218
  1218	0	1218
  1219	0	1218
  1220	0	1218
  1221	0	1218
  1222	0	1218
  1223	0	1218
  1224	0	1218
  1225	0	1218
  1226	0	1218
  1227	0	1218
  1228	0	1218
  1229	0	1218
  1230	0	1218
  1231	0	1218
  1232	0	1218
  1233	0	1218
  1234	0	1218
  1235	0	1218
  1236	0	1218
  1237	0	1218
  1238	0	1218
  1239	0	1218
  1240	0	1218
  1241	0	1218
  1242	0	1218
  1243	0	1218
  1244	0	1218
  1245	0	1218
  1246	0	1218
  1247	0	1218
  1248	0	1218
  1249	0	1218
  1250	0	1218
  1251	0	1218
  1252	0	1218
  1253	0	1218
  1254	0	1218
  1255	0	1218
  1256	0	1218
  1257	0	1218
  1258	0	1218
  1259	0	1218
  1260	0	1218
  1261	0	1218
  1262	0	1218
  1263	0	1218
  1264	0	1218
  1265	0	1218
  1266	0	1218
  1267	0	1218
  1268	0	1218
  1269	0	1218
  1270	0	1218
  1271	0	1218
  1272	0	1218
  1273	0	1218
  1274	0	1218
  1275	0	1218
  1276	0	1218
  1277	0	1218
  1278	0	1218
  1279	0	1218
  1280	0	1218
  1281	0	1218
  1282	0	1218
  1283	0	1218
  1284	0	1218
  1285	0	1218
  1286	0	1218
  1287	0	1218
  1288	0	1218
  1289	0	1218
  1290	0	1218
  1291	0	1218
  1292	0	1218
  1293	0	1218
  1294	0	1218
  1295	0	1218
  1296	0	1218
  1297	0	1218
  1298	0	1218
  1299	0	1218
  1300	0	1218
  1301	0	1218
  1302	0	1218
  1303	0	1218
  1304	0	1218
  1305	0	1218
  1306	0	1218
  1307	0	1218
  1308	0	1218
  1309	0	1218
  1310	0	1218
  1311	0	1218
  1312	0	1218
  1313	0	1218
  1314	0	1218
  1315	0	1218
  1316	0	1218
  1317	0	1218
  1318	0	1218
  1319	0	1218
  1320	0	1218
  1321	0	1218
  1322	0	1218
  1323	0	1218
  1324	0	1218
  1325	0	1218
  1326	0	1218
  1327	0	1218
  1328	0	1218
  1329	0	1218
  1330	0	1218
  1331	0	1218
  1332	0	1218
  1333	0	1218
  1334	0	1218
  1335	0	1218
  1336	0	1218
  1337	0	1218
  1338	0	1218
  1339	0	1218
  1340	0	1218
  1341	0	1218
  1342	0	1218
  1343	0	1218
  1344	0	1218
  1345	0	1218
  1346	0	1218
  1347	0	1218
  1348	0	1218
  1349	0	1218
  1350	0	1218
  1351	0	1218
  1352	0	1218
  1353	0	1218
  1354	0	1218
  1355	0	1218
  1356	0	1218
  1357	0	1218
  1358	0	1218
  1359	0	1218
  1360	0	1218
  1361	0	1218
  1362	0	1218
  1363	0	1218
  1364	0	1218
  1365	0	1218
  1366	0	1218
  1367	0	1218
  1368	0	1218
  1369	0	1218
  1370	0	1218
  1371	0	1218
  1372	0	1218
  1373	0	1218
  1374	0	1218
  1375	0	1218
  1376	0	1218
  1377	0	1218
  1378	0	1218
  1379	0	1218
  1380	0	1218
  1381	0	1218
  1382	0	1218
  1383	0	1218
  1384	0	1218
  1385	0	1218
  1386	0	1218
  1387	0	1218
  1388	0	1218
  1389	0	1218
  1390	0	1218
  1391	0	1218
  1392	0	1218
  1393	0	1218
  1394	0	1218
  1395	0	1218
  1396	0	1218
  1397	0	1218
  1398	0	1218
  1399	0	1218
  1400	0	1218
  1401	0	1218
  1402	0	1218
  1403	0	1218
  1404	0	1218
  1405	0	1218
  1406	0	1218
  1407	0	1218
  1408	0	1218
  1409	0	1218
  1410	0	1218
  1411	0	1218
  1412	0	1218
  1413	0	1218
  1414	0	1218
  1415	0	1218
  1416	0	1218
  1417	0	1218
  1418	0	1218
  1419	0	1218
  1420	0	1218
  1421	0	1218
  1422	0	1218
  1423	0	1218
  1424	0	1218
  1425	0	1218
  1426	0	1218
  1427	0	1218
  1428	0	1218
  1429	0	1218
  1430	0	1218
  1431	0	1218
  1432	0	1218
  1433	0	1218
  1434	0	1218
  1435	0	1218
  1436	0	1218
  1437	0	1218
  1438	0	1218
  1439	0	1218
  1440	0	1218
  1441	0	1218
  1442	0	1218
  1443	0	1218
  1444	0	1218
  1445	0	1218
  1446	0	1218
  1447	0	1218
  1448	0	1218
  1449	0	1218
  1450	0	1218
  1451	0	1218
  1452	0	1218
  1453	0	1218
  1454	0	1218
  1455	0	1218
  1456	0	1218
  1457	0	1218
  1458	0	1218
  1459	0	1218
  1460	0	1218
  1461	0	1218
  1462	0	1218
  1463	0	1218
  1464	0	1218
  1465	0	1218
  1466	0	1218
  1467	0	1218
  1468	0	1218
  1469	0	1218
  1470	0	1218
  1471	0	1218
  1472	0	1218
  1473	0	1218
  1474	0	1218
  1475	0	1218
  1476	0	1218
  1477	0	1218
  1478	0	1218
  1479	0	1218
  1480	0	1218
  1481	0	1218
  1482	0	1218
  1483	0	1218
  1484	0	1218
  1485	0	1218
  1486	0	1218
  1487	0	1218
  1488	0	1218
  1489	0	1218
  1490	0	1218
  1491	0	1218
  1492	0	1218
  1493	0	1218
  1494	0	1218
  1495	0	1218
  1496	0	1218
  1497	0	1218
  1498	0	1218
  1499	0	1218
  1500	0	1218
  1501	0	1218
  1502	0	1218
  1503	0	1218
  1504	0	1218
  1505	0	1218
  1506	0	1218
  1507	0	1218
  1508	0	1218
  1509	0	1218
  1510	0	1218
  1511	0	1218
  1512	0	1218
  1513	0	1218
  1514	0	1218
  1515	0	1218
  1516	0	1218
  1517	0	1218
  1518	0	1218
  1519	0	1218
  1520	0	1218
  1521	0	1218
  1522	0	1218
  1523	0	1218
  1524	0	1218
  1525	0	1218
  1526	0	1218
  1527	0	1218
  1528	0	1218
  1529	0	1218
  1530	0	1218
  1531	0	1218
  1532	0	1218
  1533	0	1218
  1534	0	1218
  1535	0	1218
  1536	0	1218
  1537	0	1218
  1538	0	1218
  1539	0	1218
  1540	0	1218
  1541	0	1218
  1542	0	1218
  1543	0	1218
  1544	0	1218
  1545	0	1218
  1546	0	1218
  1547	0	1218
  1548	0	1218
  1549	0	1218
  1550	0	1218
  1551	0	1218
  1552	0	1218
  1553	0	1218
  1554	0	1218
  1555	0	1218
  1556	0	1218
  1557	0	1218
  1558	0	1218
  1559	0	1218
  1560	0	1218
  1561	0	1218
  1562	0	1218
  1563	0	1218
  1564	0	1218
  1565	0	1218
  1566	0	1218
  1567	0	1218
  1568	0	1218
  1569	0	1218
  1570	0	1218
  1571	0	1218
  1572	0	1218
  1573	0	1218
  1574	0	1218
  1575	0	1218
  1576	0	1218
  1577	0	1218
  1578	0	1218
  1579	0	1218
  1580	0	1218
  1581	0	1218
  1582	0	1218
  1583	0	1218
  1584	0	1218
  1585	0	1218
  1586	0	1218
  1587	0	1218
  1588	0	1218
  1589	0	1218
  1590	0	1218
  1591	0	1218
  1592	0	1218
  1593	0	1218
  1594	0	1218
  1595	0	1218
  1596	0	1218
  1597	0	1218
  1598	0	1218
  1599	0	1218
  1600	0	1218
  1601	0	1218
  1602	0	1218
  1603	0	1218
  1604	0	1218
  1605	0	1218
  1606	0	1218
  1607	0	1218
  1608	0	1218
  1609	0	1218
  1610	0	1218
  1611	0	1218
  1612	0	1218
  1613	0	1218
  1614	0	1218
  1615	0	1218
  1616	0	1218
  1617	0	1218
  1618	0	1218
  1619	0	1218
  1620	0	1218
  1621	0	1218
  1622	0	1218
  1623	0	1218
  1624	0	1218
  1625	0	1218
  1626	0	1218
  1627	0	1218
  1628	0	1218
  1629	0	1218
  1630	0	1218
  1631	0	1218
  1632	0	1218
  1633	0	1218
  1634	0	1218
  1635	0	1218
  1636	0	1218
  1637	0	1218
  1638	0	1218
  1639	0	1218
  1640	0	1218
  1641	0	1218
  1642	0	1218
  1643	0	1218
  1644	0	1218
  1645	0	1218
  1646	0	1218
  1647	0	1218
  1648	0	1218
  1649	0	1218
  1650	0	1218
  1651	0	1218
  1652	0	1218
  1653	0	1218
  1654	0	1218
  1655	0	1218
  1656	0	1218
  1657	0	1218
  1658	0	1218
  1659	0	1218
  1660	0	1218
  1661	0	1218
  1662	0	1218
  1663	0	1218
  1664	0	1218
  1665	0	1218
  1666	0	1218
  1667	0	1218
  1668	0	1218
  1669	0	1218
  1670	0	1218
  1671	0	1218
  1672	0	1218
  1673	0	1218
  1674	0	1218
  1675	0	1218
  1676	0	1218
  1677	0	1218
  1678	0	1218
  1679	0	1218
  1680	0	1218
  1681	0	1218
  1682	0	1218
  1683	0	1218
  1684	0	1218
  1685	0	1218
  1686	0	1218
  1687	0	1218
  1688	0	1218
  1689	0	1218
  1690	0	1218
  1691	0	1218
  1692	0	1218
  1693	0	1218
  1694	0	1218
  1695	0	1218
  1696	0	1218
  1697	0	1218
  1698	0	1218
  1699	0	1218
  1700	0	1218
  1701	0	1218
  1702	0	1218
  1703	0	1218
  1704	0	1218
  1705	0	1218
  1706	0	1218
  1707	0	1218
  1708	0	1218
  1709	0	1218
  1710	0	1218
  1711	0	1218
  1712	0	1218
  1713	0	1218
  1714	0	1218
  1715	0	1218
  1716	0	1218
  1717	0	1218
  1718	0	1218
  1719	0	1218
  1720	0	1218
  1721	0	1218
  1722	0	1218
  1723	0	1218
  1724	0	1218
  1725	0	1218
  1726	0	1218
  1727	0	1218
  1728	0	1218
  1729	0	1218
  1730	0	1218
  1731	0	1218
  1732	0	1218
  1733	0	1218
  1734	0	1218
  1735	0	1218
  1736	0	1218
  1737	0	1218
  1738	0	1218
  1739	0	1218
  1740	0	1218
  1741	0	1218
  1742	0	1218
  1743	0	1218
  1744	0	1218
  1745	0	1218
  1746	0	1218
  1747	0	1218
  1748	0	1218
  1749	0	1218
  1750	0	1218
  1751	0	1218
  1752	0	1218
  1753	0	1218
  1754	0	1218
  1755	0	1218
  1756	0	1218
  1757	0	1218
  1758	0	1218
  1759	0	1218
  1760	0	1218
  1761	0	1218
  1762	0	1218
  1763	0	1218
  1764	0	1218
  1765	0	1218
  1766	0	1218
  1767	0	1218
  1768	0	1218
  1769	0	1218
  1770	0	1218
  1771	0	1218
  1772	0	1218
  1773	0	1218
  1774	0	1218
  1775	0	1218
  1776	0	1218
  1777	0	1218
  1778	0	1218
  1779	0	1218
  1780	0	1218
  1781	0	1218
  1782	0	1218
  1783	0	1218
  1784	0	1218
  1785	0	1218
  1786	0	1218
  1787	0	1218
  1788	0	1218
  1789	0	1218
  1790	0	1218
  1791	0	1218
  1792	0	1218
  1793	0	1218
  1794	0	1218
  1795	0	1218
  1796	0	1218
  1797	0	1218
  1798	0	1218
  1799	0	1218
  1800	0	1218
  1801	0	1218
  1802	0	1218
  1803	0	1218
  1804	0	1218
  1805	0	1218
  1806	0	1218
  1807	0	1218
  1808	0	1218
  1809	0	1218
  1810	0	1218
  1811	0	1218
  1812	0	1218
  1813	0	1218
  1814	0	1218
  1815	0	1218
  1816	0	1218
  1817	0	1218
  1818	0	1218
  1819	0	1218
  1820	0	1218
  1821	0	1218
  1822	0	1218
  1823	0	1218
  1824	0	1218
  1825	0	1218
  1826	0	1218
  1827	0	1218
  1828	0	1218
  1829	0	1218
  1830	0	1218
  1831	0	1218
  1832	0	1218
  1833	0	1218
  1834	0	1218
  1835	0	1218
  1836	0	1218
  1837	0	1218
  1838	0	1218
  1839	0	1218
  1840	0	1218
  1841	0	1218
  1842	0	1218
  1843	0	1218
  1844	0	1218
  1845	0	1218
  1846	0	1218
  1847	0	1218
  1848	0	1218
  1849	0	1218
  1850	0	1218
  1851	0	1218
  1852	0	1218
  1853	0	1218
  1854	0	1218
  1855	0	1218
  1856	0	1218
  1857	0	1218
  1858	0	1218
  1859	0	1218
  1860	0	1218
  1861	0	1218
  1862	0	1218
  1863	0	1218
  1864	0	1218
  1865	0	1218
  1866	0	1218
  1867	0	1218
  1868	0	1218
  1869	0	1218
  1870	0	1218
  1871	0	1218
  1872	0	1218
  1873	0	1218
  1874	0	1218
  1875	0	1218
  1876	0	1218
  1877	0	1218
  1878	0	1218
  1879	0	1218
  1880	0	1218
  1881	0	1218
  1882	0	1218
  1883	0	1218
  1884	0	1218
  1885	0	1218
  1886	0	1218
  1887	0	1218
  1888	0	1218
  1889	0	1218
  1890	0	1218
  1891	0	1218
  1892	0	1218
  1893	0	1218
  1894	0	1218
  1895	0	1218
  1896	0	1218
  1897	0	1218
  1898	0	1218
  1899	0	1218
  1900	0	1218
  1901	0	1218
  1902	0	1218
  1903	0	1218
  1904	0	1218
  1905	0	1218
  1906	0	1218
  1907	0	1218
  1908	0	1218
  1909	0	1218
  1910	0	1218
  1911	0	1218
  1912	0	1218
  1913	0	1218
  1914	0	1218
  1915	0	1218
  1916	0	1218
  1917	0	1218
  1918	0	1218
  1919	0	1218
  1920	0	1218
  1921	0	1218
  1922	0	1218
  1923	0	1218
  1924	0	1218
  1925	0	1218
  1926	0	1218
  1927	0	1218
  1928	0	1218
  1929	0	1218
  1930	0	1218
  1931	0	1218
  1932	0	1218
  1933	0	1218
  1934	0	1218
  1935	0	1218
  1936	0	1218
  1937	0	1218
  1938	0	1218
  1939	0	1218
  1940	0	1218
  1941	0	1218
  1942	0	1218
  1943	0	1218
  1944	0	1218
  1945	0	1218
  1946	0	1218
  1947	0	1218
  1948	0	1218
  1949	0	1218
  1950	0	1218
  1951	0	1218
  1952	0	1218
  1953	0	1218
  1954	0	1218
  1955	0	1218
  1956	0	1218
  1957	0	1218
  1958	0	1218
  1959	0	1218
  1960	0	1218
  1961	0	1218
  1962	0	1218
  1963	0	1218
  1964	0	1218
  1965	0	1218
  1966	0	1218
  1967	0	1218
  1968	0	1218
  1969	0	1218
  1970	0	1218
  1971	0	1218
  1972	0	1218
  1973	0	1218
  1974	0	1218
  1975	0	1218
  1976	0	1218
  1977	0	1218
  1978	0	1218
  1979	0	1218
  1980	0	1218
  1981	0	1218
  1982	0	1218
  1983	0	1218
  1984	0	1218
  1985	0	1218
  1986	0	1218
  1987	0	1218
  1988	0	1218
  1989	0	1218
  1990	0	1218
  1991	0	1218
  1992	0	1218
  1993	0	1218
  1994	0	1218
  1995	0	1218
  1996	0	1218
  1997	0	1218
  1998	0	1218
  1999	0	1218
  2000	0	1218
  2001	0	1218
  2002	0	1218
  2003	0	1218
  2004	0	1218
  2005	0	1218
  2006	0	1218
  2007	0	1218
  2008	0	1218
  2009	0	1218
  2010	0	1218
  2011	0	1218
  2012	0	1218
  2013	0	1218
  2014	0	1218
  2015	0	1218
  2016	0	1218
  2017	0	1218
  2018	0	1218
  2019	0	1218
  2020	0	1218
  2021	0	1218
  2022	0	1218
  2023	0	1218
  2024	0	1218
  2025	0	1218
  2026	0	1218
  2027	0	1218
  2028	0	1218
  2029	0	1218
  2030	0	1218
  2031	0	1218
  2032	0	1218
  2033	0	1218
  2034	0	1218
  2035	0	1218
  2036	0	1218
  2037	0	1218
  2038	0	1218
  2039	0	1218
  2040	0	1218
  2041	0	1218
  2042	0	1218
  2043	0	1218
  2044	0	1218
  2045	0	1218
  2046	0	1218
  2047	0	1218
  2048	0	1218
  2049	0	1218
  2050	0	1218
  2051	0	1218
  2052	0	1218
  2053	0	1218
  2054	0	1218
  2055	0	1218
  2056	0	1218
  2057	0	1218
  2058	0	1218
  2059	0	1218
  2060	0	1218
  2061	0	1218
  2062	0	1218
  2063	0	1218
  2064	0	1218
  2065	0	1218
  2066	0	1218
  2067	0	1218
  2068	0	1218
  2069	0	1218
  2070	0	1218
  2071	0	1218
  2072	0	1218
  2073	0	1218
  2074	0	1218
  2075	0	1218
  2076	0	1218
  2077	0	1218
  2078	0	1218
  2079	0	1218
  2080	0	1218
  2081	0	1218
  2082	0	1218
  2083	0	1218
  2084	0	1218
  2085	0	1218
  2086	0	1218
  2087	0	1218
  2088	0	1218
  2089	0	1218
  2090	0	1218
  2091	0	1218
  2092	0	1218
  2093	0	1218
  2094	0	1218
  2095	0	1218
  2096	0	1218
  2097	0	1218
  2098	0	1218
  2099	0	1218
  2100	0	1218
  2101	0	1218
  2102	0	1218
  2103	0	1218
  2104	0	1218
  2105	0	1218
  2106	0	1218
  2107	0	1218
  2108	0	1218
  2109	0	1218
  2110	0	1218
  2111	0	1218
  2112	0	1218
  2113	0	1218
  2114	0	1218
  2115	0	1218
  2116	0	1218
  2117	0	1218
  2118	0	1218
  2119	0	1218
  2120	0	1218
  2121	0	1218
  2122	0	1218
  2123	0	1218
  2124	0	1218
  2125	0	1218
  2126	0	1218
  2127	0	1218
  2128	0	1218
  2129	0	1218
  2130	0	1218
  2131	0	1218
  2132	0	1218
  2133	0	1218
  2134	0	1218
  2135	0	1218
  2136	0	1218
  2137	0	1218
  2138	0	1218
  2139	0	1218
  2140	0	1218
  2141	0	1218
  2142	0	1218
  2143	0	1218
  2144	0	1218
  2145	0	1218
  2146	0	1218
  2147	0	1218
  2148	0	1218
  2149	0	1218
  2150	0	1218
  2151	0	1218
  2152	0	1218
  2153	0	1218
  2154	0	1218
  2155	0	1218
  2156	0	1218
  2157	0	1218
  2158	0	1218
  2159	0	1218
  2160	0	1218
  2161	0	1218
  2162	0	1218
  2163	0	1218
  2164	0	1218
  2165	0	1218
  2166	0	1218
  2167	0	1218
  2168	0	1218
  2169	0	1218
  2170	0	1218
  2171	0	1218
  2172	0	1218
  2173	0	1218
  2174	0	1218
  2175	0	1218
  2176	0	1218
  2177	0	1218
  2178	0	1218
  2179	0	1218
  2180	0	1218
  2181	0	1218
  2182	0	1218
  2183	0	1218
  2184	0	1218
  2185	0	1218
  2186	0	1218
  2187	0	1218
  2188	0	1218
  2189	0	1218
  2190	0	1218
  2191	0	1218
  2192	0	1218
  2193	0	1218
  2194	0	1218
  2195	0	1218
  2196	0	1218
  2197	0	1218
  2198	0	1218
  2199	0	1218
  2200	0	1218
  2201	0	1218
  2202	0	1218
  2203	0	1218
  2204	0	1218
  2205	0	1218
  2206	0	1218
  2207	0	1218
  2208	0	1218
  2209	0	1218
  2210	0	1218
  2211	0	1218
  2212	0	1218
  2213	0	1218
  2214	0	1218
  2215	0	1218
  2216	0	1218
  2217	0	1218
  2218	0	1218
  2219	0	1218
  2220	0	1218
  2221	0	1218
  2222	0	1218
  2223	0	1218
  2224	0	1218
  2225	0	1218
  2226	0	1218
  2227	0	1218
  2228	0	1218
  2229	0	1218
  2230	0	1218
  2231	0	1218
  2232	0	1218
  2233	0	1218
  2234	0	1218
  2235	0	1218
  2236	0	1218
  2237	0	1218
  2238	0	1218
  2239	0	1218
  2240	0	1218
  2241	0	1218
  2242	0	1218
  2243	0	1218
  2244	0	1218
  2245	0	1218
  2246	0	1218
  2247	0	1218
  2248	0	1218
  2249	0	1218
  2250	0	1218
  2251	0	1218
  2252	0	1218
  2253	0	1218
  2254	0	1218
  2255	0	1218
  2256	0	1218
  2257	0	1218
  2258	0	1218
  2259	0	1218
  2260	0	1218
  2261	0	1218
  2262	0	1218
  2263	0	1218
  2264	0	1218
  2265	0	1218
  2266	0	1218
  2267	0	1218
  2268	0	1218
  2269	0	1218
  2270	0	1218
  2271	0	1218
  2272	0	1218
  2273	0	1218
  2274	0	1218
  2275	0	1218
  2276	0	1218
  2277	0	1218
  2278	0	1218
  2279	0	1218
  2280	0	1218
  2281	0	1218
  2282	0	1218
  2283	0	1218
  2284	0	1218
  2285	0	1218
  2286	0	1218
  2287	0	1218
  2288	0	1218
  2289	0	1218
  2290	0	1218
  2291	0	1218
  2292	0	1218
  2293	0	1218
  2294	0	1218
  2295	0	1218
  2296	0	1218
  2297	0	1218
  2298	0	1218
  2299	0	1218
  2300	0	1218
  2301	0	1218
  2302	0	1218
  2303	0	1218
  2304	0	1218
  2305	0	1218
  2306	0	1218
  2307	0	1218
  2308	0	1218
  2309	0	1218
  2310	0	1218
  2311	0	1218
  2312	0	1218
  2313	0	1218
  2314	0	1218
  2315	0	1218
  2316	0	1218
  2317	0	1218
  2318	0	1218
  2319	0	1218
  2320	0	1218
  2321	0	1218
  2322	0	1218
  2323	0	1218
  2324	0	1218
  2325	0	1218
  2326	0	1218
  2327	0	1218
  2328	0	1218
  2329	0	1218
  2330	0	1218
  2331	0	1218
  2332	0	1218
  2333	0	1218
  2334	0	1218
  2335	0	1218
  2336	0	1218
  2337	0	1218
  2338	0	1218
  2339	0	1218
  2340	0	1218
  2341	0	1218
  2342	0	1218
  2343	0	1218
  2344	0	1218
  2345	0	1218
  2346	0	1218
  2347	0	1218
  2348	0	1218
  2349	0	1218
  2350	0	1218
  2351	0	1218
  2352	0	1218
  2353	0	1218
  2354	0	1218
  2355	0	1218
  2356	0	1218
  2357	0	1218
  2358	0	1218
  2359	0	1218
  2360	0	1218
  2361	0	1218
  2362	0	1218
  2363	0	1218
  2364	0	1218
  2365	0	1218
  2366	0	1218
  2367	0	1218
  2368	0	1218
  2369	0	1218
  2370	0	1218
  2371	0	1218
  2372	0	1218
  2373	0	1218
  2374	0	1218
  2375	0	1218
  2376	0	1218
  2377	0	1218
  2378	0	1218
  2379	0	1218
  2380	0	1218
  2381	0	1218
  2382	0	1218
  2383	0	1218
  2384	0	1218
  2385	0	1218
  2386	0	1218
  2387	0	1218
  2388	0	1218
  2389	0	1218
  2390	0	1218
  2391	0	1218
  2392	0	1218
  2393	0	1218
  2394	0	1218
  2395	0	1218
  2396	0	1218
  2397	0	1218
  2398	0	1218
  2399	0	1218
  2400	0	1218
  2401	0	1218
  2402	0	1218
  2403	0	1218
  2404	0	1218
  2405	0	1218
  2406	0	1218
  2407	0	1218
  2408	0	1218
  2409	0	1218
  2410	0	1218
  2411	0	1218
  2412	0	1218
  2413	0	1218
  2414	0	1218
  2415	0	1218
  2416	0	1218
  2417	0	1218
  2418	0	1218
  2419	0	1218
  2420	0	1218
  2421	0	1218
  2422	0	1218
  2423	0	1218
  2424	0	1218
  2425	0	1218
  2426	0	1218
  2427	0	1218
  2428	0	1218
  2429	0	1218
  2430	0	1218
  2431	0	1218
  2432	0	1218
  2433	0	1218
  2434	0	1218
  2435	0	1218
  2436	0	1218
  2437	0	1218
  2438	0	1218
  2439	0	1218
  2440	0	1218
  2441	0	1218
  2442	0	1218
  2443	0	1218
  2444	0	1218
  2445	0	1218
  2446	0	1218
  2447	0	1218
  2448	0	1218
  2449	0	1218
  2450	0	1218
  2451	0	1218
  2452	0	1218
  2453	0	1218
  2454	0	1218
  2455	0	1218
  2456	0	1218
  2457	0	1218
  2458	0	1218
  2459	0	1218
  2460	0	1218
  2461	0	1218
  2462	0	1218
  2463	0	1218
  2464	0	1218
  2465	0	1218
  2466	0	1218
  2467	0	1218
  2468	0	1218
  2469	0	1218
  2470	0	1218
  2471	0	1218
  2472	0	1218
  2473	0	1218
  2474	0	1218
  2475	0	1218
  2476	0	1218
  2477	0	1218
  2478	0	1218
  2479	0	1218
  2480	0	1218
  2481	0	1218
  2482	0	1218
  2483	0	1218
  2484	0	1218
  2485	0	1218
  2486	0	1218
  2487	0	1218
  2488	0	1218
  2489	0	1218
  2490	0	1218
  2491	0	1218
  2492	0	1218
  2493	0	1218
  2494	0	1218
  2495	0	1218
  2496	0	1218
  2497	0	1218
  2498	0	1218
  2499	0	1218
  2500	0	1218
  2501	0	1218
  2502	0	1218
  2503	0	1218
  2504	0	1218
  2505	0	1218
  2506	0	1218
  2507	0	1218
  2508	0	1218
  2509	0	1218
  2510	0	1218
  2511	0	1218
  2512	0	1218
  2513	0	1218
  2514	0	1218
  2515	0	1218
  2516	0	1218
  2517	0	1218
  2518	0	1218
  2519	0	1218
  2520	0	1218
  2521	0	1218
  2522	0	1218
  2523	0	1218
  2524	0	1218
  2525	0	1218
  2526	0	1218
  2527	0	1218
  2528	0	1218
  2529	0	1218
  2530	0	1218
  2531	0	1218
  2532	0	1218
  2533	0	1218
  2534	0	1218
  2535	0	1218
  2536	0	1218
  2537	0	1218
  2538	0	1218
  2539	0	1218
  2540	0	1218
  2541	0	1218
  2542	0	1218
  2543	0	1218
  2544	0	1218
  2545	0	1218
  2546	0	1218
  2547	0	1218
  2548	0	1218
  2549	0	1218
  2550	0	1218
  2551	0	1218
  2552	0	1218
  2553	0	1218
  2554	0	1218
  2555	0	1218
  2556	0	1218
  2557	0	1218
  2558	0	1218
  2559	0	1218
  2560	0	1218
  2561	0	1218
  2562	0	1218
  2563	0	1218
  2564	0	1218
  2565	0	1218
  2566	0	1218
  2567	0	1218
  2568	0	1218
  2569	0	1218
  2570	0	1218
  2571	0	1218
  2572	0	1218
  2573	0	1218
  2574	0	1218
  2575	0	1218
  2576	0	1218
  2577	0	1218
  2578	0	1218
  2579	0	1218
  2580	0	1218
  2581	0	1218
  2582	0	1218
  2583	0	1218
  2584	0	1218
  2585	0	1218
  2586	0	1218
  2587	0	1218
  2588	0	1218
  2589	0	1218
  2590	0	1218
  2591	0	1218
  2592	0	1218
  2593	0	1218
  2594	0	1218
  2595	0	1218
  2596	0	1218
  2597	0	1218
  2598	0	1218
  2599	0	1218
  2600	0	1218
  2601	0	1218
  2602	0	1218
  2603	0	1218
  2604	0	1218
  2605	0	1218
  2606	0	1218
  2607	0	1218
  2608	0	1218
  2609	0	1218
  2610	0	1218
  2611	0	1218
  2612	0	1218
  2613	0	1218
  2614	0	1218
  2615	0	1218
  2616	0	1218
  2617	0	1218
  2618	0	1218
  2619	0	1218
  2620	0	1218
  2621	0	1218
  2622	0	1218
  2623	0	1218
  2624	0	1218
  2625	0	1218
  2626	0	1218
  2627	0	1218
  2628	0	1218
  2629	0	1218
  2630	0	1218
  2631	0	1218
  2632	0	1218
  2633	0	1218
  2634	0	1218
  2635	0	1218
  2636	0	1218
  2637	0	1218
  2638	0	1218
  2639	0	1218
  2640	0	1218
  2641	0	1218
  2642	0	1218
  2643	0	1218
  2644	0	1218
  2645	0	1218
  2646	0	1218
  2647	0	1218
  2648	0	1218
  2649	0	1218
  2650	0	1218
  2651	0	1218
  2652	0	1218
  2653	0	1218
  2654	0	1218
  2655	0	1218
  2656	0	1218
  2657	0	1218
  2658	0	1218
  2659	0	1218
  2660	0	1218
  2661	0	1218
  2662	0	1218
  2663	0	1218
  2664	0	1218
  2665	0	1218
  2666	0	1218
  2667	0	1218
  2668	0	1218
  2669	0	1218
  2670	0	1218
  2671	0	1218
  2672	0	1218
  2673	0	1218
  2674	0	1218
  2675	0	1218
  2676	0	1218
  2677	0	1218
  2678	0	1218
  2679	0	1218
  2680	0	1218
  2681	0	1218
  2682	0	1218
  2683	0	1218
  2684	0	1218
  2685	0	1218
  2686	0	1218
  2687	0	1218
  2688	0	1218
  2689	0	1218
  2690	0	1218
  2691	0	1218
  2692	0	1218
  2693	0	1218
  2694	0	1218
  2695	0	1218
  2696	0	1218
  2697	0	1218
  2698	0	1218
  2699	0	1218
  2700	0	1218
  2701	0	1218
  2702	0	1218
  2703	0	1218
  2704	0	1218
  2705	0	1218
  2706	0	1218
  2707	0	1218
  2708	0	1218
  2709	0	1218
  2710	0	1218
  2711	0	1218
  2712	0	1218
  2713	0	1218
  2714	0	1218
  2715	0	1218
  2716	0	1218
  2717	0	1218
  2718	0	1218
  2719	0	1218
  2720	0	1218
  2721	0	1218
  2722	0	1218
  2723	0	1218
  2724	0	1218
  2725	0	1218
  2726	0	1218
  2727	0	1218
  2728	0	1218
  2729	0	1218
  2730	0	1218
  2731	0	1218
  2732	0	1218
  2733	0	1218
  2734	0	1218
  2735	0	1218
  2736	0	1218
  2737	0	1218
  2738	0	1218
  2739	0	1218
  2740	0	1218
  2741	0	1218
  2742	0	1218
  2743	0	1218
  2744	0	1218
  2745	0	1218
  2746	0	1218
  2747	0	1218
  2748	0	1218
  2749	0	1218
  2750	0	1218
  2751	0	1218
  2752	0	1218
  2753	0	1218
  2754	0	1218
  2755	0	1218
  2756	0	1218
  2757	0	1218
  2758	0	1218
  2759	0	1218
  2760	0	1218
  2761	0	1218
  2762	0	1218
  2763	0	1218
  2764	0	1218
  2765	0	1218
  2766	0	1218
  2767	0	1218
  2768	0	1218
  2769	0	1218
  2770	0	1218
  2771	0	1218
  2772	0	1218
  2773	0	1218
  2774	0	1218
  2775	0	1218
  2776	0	1218
  2777	0	1218
  2778	0	1218
  2779	0	1218
  2780	0	1218
  2781	0	1218
  2782	0	1218
  2783	0	1218
  2784	0	1218
  2785	0	1218
  2786	0	1218
  2787	0	1218
  2788	0	1218
  2789	0	1218
  2790	0	1218
  2791	0	1218
  2792	0	1218
  2793	0	1218
  2794	0	1218
  2795	0	1218
  2796	0	1218
  2797	0	1218
  2798	0	1218
  2799	0	1218
  2800	0	1218
  2801	0	1218
  2802	0	1218
  2803	0	1218
  2804	0	1218
  2805	0	1218
  2806	0	1218
  2807	0	1218
  2808	0	1218
  2809	0	1218
  2810	0	1218
  2811	0	1218
  2812	0	1218
  2813	0	1218
  2814	0	1218
  2815	0	1218
  2816	0	1218
  2817	0	1218
  2818	0	1218
  2819	0	1218
  2820	0	1218
  2821	0	1218
  2822	0	1218
  2823	0	1218
  2824	0	1218
  2825	0	1218
  2826	0	1218
  2827	0	1218
  2828	0	1218
  2829	0	1218
  2830	0	1218
  2831	0	1218
  2832	0	1218
  2833	0	1218
  2834	0	1218
  2835	0	1218
  2836	0	1218
  2837	0	1218
  2838	0	1218
  2839	0	1218
  2840	0	1218
  2841	0	1218
  2842	0	1218
  2843	0	1218
  2844	0	1218
  2845	0	1218
  2846	0	1218
  2847	0	1218
  2848	0	1218
  2849	0	1218
  2850	0	1218
  2851	0	1218
  2852	0	1218
  2853	0	1218
  2854	0	1218
  2855	0	1218
  2856	0	1218
  2857	0	1218
  2858	0	1218
  2859	0	1218
  2860	0	1218
  2861	0	1218
  2862	0	1218
  2863	0	1218
  2864	0	1218
  2865	0	1218
  2866	0	1218
  2867	0	1218
  2868	0	1218
  2869	0	1218
  2870	0	1218
  2871	0	1218
  2872	0	1218
  2873	0	1218
  2874	0	1218
  2875	0	1218
  2876	0	1218
  2877	0	1218
  2878	0	1218
  2879	0	1218
  2880	0	1218
  2881	0	1218
  2882	0	1218
  2883	0	1218
  2884	0	1218
  2885	0	1218
  2886	0	1218
  2887	0	1218
  2888	0	1218
  2889	0	1218
  2890	0	1218
  2891	0	1218
  2892	0	1218
  2893	0	1218
  2894	0	1218
  2895	0	1218
  2896	0	1218
  2897	0	1218
  2898	0	1218
  2899	0	1218
  2900	0	1218
  2901	0	1218
  2902	0	1218
  2903	0	1218
  2904	0	1218
  2905	0	1218
  2906	0	1218
  2907	0	1218
  2908	0	1218
  2909	0	1218
  2910	0	1218
  2911	0	1218
  2912	0	1218
  2913	0	1218
  2914	0	1218
  2915	0	1218
  2916	0	1218
  2917	0	1218
  2918	0	1218
  2919	0	1218
  2920	0	1218
  2921	0	1218
  2922	0	1218
  2923	0	1218
  2924	0	1218
  2925	0	1218
  2926	0	1218
  2927	0	1218
  2928	0	1218
  2929	0	1218
  2930	0	1218
  2931	0	1218
  2932	0	1218
  2933	0	1218
  2934	0	1218
  2935	0	1218
  2936	0	1218
  2937	0	1218
  2938	0	1218
  2939	0	1218
  2940	0	1218
  2941	0	1218
  2942	0	1218
  2943	0	1218
  2944	0	1218
  2945	0	1218
  2946	0	1218
  2947	0	1218
  2948	0	1218
  2949	0	1218
  2950	0	1218
  2951	0	1218
  2952	0	1218
  2953	0	1218
  2954	0	1218
  2955	0	1218
  2956	0	1218
  2957	0	1218
  2958	0	1218
  2959	0	1218
  2960	0	1218
  2961	0	1218
  2962	0	1218
  2963	0	1218
  2964	0	1218
  2965	0	1218
  2966	0	1218
  2967	0	1218
  2968	0	1218
  2969	0	1218
  2970	0	1218
  2971	0	1218
  2972	0	1218
  2973	0	1218
  2974	0	1218
  2975	0	1218
  2976	0	1218
  2977	0	1218
  2978	0	1218
  2979	0	1218
  2980	0	1218
  2981	0	1218
  2982	0	1218
  2983	0	1218
  2984	0	1218
  2985	0	1218
  2986	0	1218
  2987	0	1218
  2988	0	1218
  2989	0	1218
  2990	0	1218
  2991	0	1218
  2992	0	1218
  2993	0	1218
  2994	0	1218
  2995	0	1218
  2996	0	1218
  2997	0	1218
  2998	0	1218
  2999	0	1218
  3000	0	1218
  3001	0	1218
  3002	0	1218
  3003	0	1218
  3004	0	1218
  3005	0	1218
  3006	0	1218
  3007	0	1218
  3008	0	1218
  3009	0	1218
  3010	0	1218
  3011	0	1218
  3012	0	1218
  3013	0	1218
  3014	0	1218
  3015	0	1218
  3016	0	1218
  3017	0	1218
  3018	0	1218
  3019	0	1218
  3020	0	1218
  3021	0	1218
  3022	0	1218
  3023	0	1218
  3024	0	1218
  3025	0	1218
  3026	0	1218
